Failed to export amplitude audio encoder
[
    {
        "highest_score": 0.8324742781842001,
        "highest_score_column": "SEX",
        "predictive_power_baselines": {
            "AGE": 7442.1456,
            "BILL_AMT1": 7442.1456,
            "BILL_AMT2": 7442.1456,
            "BILL_AMT3": 7442.1456,
            "BILL_AMT4": 7442.1456,
            "BILL_AMT5": 7442.1456,
            "BILL_AMT6": 7442.1456,
            "EDUCATION": 7442.1456,
            "LIMIT_BAL": 7442.1456,
            "MARRIAGE": 7442.1456,
            "PAY_0": 7442.1456,
            "PAY_2": 7442.1456,
            "PAY_3": 7442.1456,
            "PAY_4": 7442.1456,
            "PAY_5": 7442.1456,
            "PAY_6": 7442.1456,
            "PAY_AMT1": 7442.1456,
            "PAY_AMT2": 7442.1456,
            "PAY_AMT3": 7442.1456,
            "PAY_AMT4": 7442.1456,
            "PAY_AMT5": 7442.1456,
            "PAY_AMT6": 7442.1456,
            "SEX": 7442.1456,
            "default.payment.next.month": 7442.1456
        },
        "predictive_power_score": 2.0,
        "predictive_power_scores": {
            "AGE": 0.8307851575867816,
            "BILL_AMT1": 0.8195216732334878,
            "BILL_AMT2": 0.8009261553506671,
            "BILL_AMT3": 0.8263093700138667,
            "BILL_AMT4": 0.826777093958265,
            "BILL_AMT5": 0.8193091448115166,
            "BILL_AMT6": 0.8180265857111022,
            "EDUCATION": 0.8318364948364122,
            "LIMIT_BAL": 0.8306977439257288,
            "MARRIAGE": 0.8319419381022107,
            "PAY_0": 0.8317572828566009,
            "PAY_2": 0.8316399854299319,
            "PAY_3": 0.8316951368412138,
            "PAY_4": 0.8320126337101545,
            "PAY_5": 0.8320577403915964,
            "PAY_6": 0.8320136228754804,
            "PAY_AMT1": 0.8230246428275195,
            "PAY_AMT2": 0.8243263193736052,
            "PAY_AMT3": 0.8253585111224735,
            "PAY_AMT4": 0.8245519692059446,
            "PAY_AMT5": 0.8270917904353252,
            "PAY_AMT6": 0.826105942802108,
            "SEX": 0.8324742781842001,
            "default.payment.next.month": 0.8319722578496588
        },
        "predictive_power_unadjusted_scores": {
            "AGE": 1259.3214949202268,
            "BILL_AMT1": 1343.1459854407615,
            "BILL_AMT2": 1481.5365370321163,
            "BILL_AMT3": 1292.6309577125296,
            "BILL_AMT4": 1289.1500880177116,
            "BILL_AMT5": 1344.7276529012088,
            "BILL_AMT6": 1354.2726444670982,
            "EDUCATION": 1251.497290033772,
            "LIMIT_BAL": 1259.9720401132104,
            "MARRIAGE": 1250.71256589716,
            "PAY_0": 1252.086797120792,
            "PAY_2": 1252.9597416485678,
            "PAY_3": 1252.549296815763,
            "PAY_4": 1250.186438889562,
            "PAY_5": 1249.8507483987382,
            "PAY_6": 1250.1790773771836,
            "PAY_AMT1": 1317.0763756896042,
            "PAY_AMT2": 1307.3891093095287,
            "PAY_AMT3": 1299.7073880273333,
            "PAY_AMT4": 1305.7097904026432,
            "PAY_AMT5": 1286.8080710156223,
            "PAY_AMT6": 1294.1448926414405,
            "SEX": 1246.75081349828,
            "default.payment.next.month": 1250.4869219220966
        },
        "ran_for_col": "ID"
    },
    {
        "highest_score": 0.9998344300786643,
        "highest_score_column": "PAY_AMT3",
        "predictive_power_baselines": {
            "AGE": 104592.8,
            "BILL_AMT1": 104592.8,
            "BILL_AMT2": 104592.8,
            "BILL_AMT3": 104592.8,
            "BILL_AMT4": 104592.8,
            "BILL_AMT5": 104592.8,
            "BILL_AMT6": 104592.8,
            "EDUCATION": 104592.8,
            "ID": 0,
            "MARRIAGE": 104592.8,
            "PAY_0": 104592.8,
            "PAY_2": 104592.8,
            "PAY_3": 104592.8,
            "PAY_4": 104592.8,
            "PAY_5": 104592.8,
            "PAY_6": 104592.8,
            "PAY_AMT1": 104592.8,
            "PAY_AMT2": 104592.8,
            "PAY_AMT3": 104592.8,
            "PAY_AMT4": 104592.8,
            "PAY_AMT5": 104592.8,
            "PAY_AMT6": 104592.8,
            "SEX": 104592.8,
            "default.payment.next.month": 104592.8
        },
        "predictive_power_score": 0.0,
        "predictive_power_scores": {
            "AGE": 0.9998323567776767,
            "BILL_AMT1": 0.9998209324058065,
            "BILL_AMT2": 0.9998222985756989,
            "BILL_AMT3": 0.9998214191296891,
            "BILL_AMT4": 0.9998213683772974,
            "BILL_AMT5": 0.9998210763483983,
            "BILL_AMT6": 0.9998229370430126,
            "EDUCATION": 0.9998319650876851,
            "ID": 0,
            "MARRIAGE": 0.9998320188623127,
            "PAY_0": 0.9998320322669058,
            "PAY_2": 0.9998324411235523,
            "PAY_3": 0.9998325408985876,
            "PAY_4": 0.9998325045762673,
            "PAY_5": 0.9998327458359904,
            "PAY_6": 0.9998324872860936,
            "PAY_AMT1": 0.99983244474666,
            "PAY_AMT2": 0.9998277840805743,
            "PAY_AMT3": 0.9998344300786643,
            "PAY_AMT4": 0.9998327092760995,
            "PAY_AMT5": 0.9998288696262209,
            "PAY_AMT6": 0.9998310498319298,
            "SEX": 0.9998319806819332,
            "default.payment.next.month": 0.99983196363642
        },
        "predictive_power_unadjusted_scores": {
            "AGE": 17.53427402382049,
            "BILL_AMT1": 18.729181065965257,
            "BILL_AMT2": 18.586289531631966,
            "BILL_AMT3": 18.678273252245752,
            "BILL_AMT4": 18.68358158701259,
            "BILL_AMT5": 18.714125707241212,
            "BILL_AMT6": 18.519510447593408,
            "EDUCATION": 17.57524197676713,
            "ID": 0,
            "MARRIAGE": 17.56961753790735,
            "PAY_0": 17.568215513975026,
            "PAY_2": 17.525452052516172,
            "PAY_3": 17.515016302203335,
            "PAY_4": 17.518815355390863,
            "PAY_5": 17.49358132543303,
            "PAY_6": 17.520623783069905,
            "PAY_AMT1": 17.525073101543065,
            "PAY_AMT2": 18.012545217308773,
            "PAY_AMT3": 17.317421668270022,
            "PAY_AMT4": 17.497405226787457,
            "PAY_AMT5": 17.899004958611226,
            "PAY_AMT6": 17.670971138933385,
            "SEX": 17.57361093069774,
            "default.payment.next.month": 17.57539376864817
        },
        "ran_for_col": "LIMIT_BAL"
    },
    {
        "highest_score": 0.16305487706704969,
        "highest_score_column": "LIMIT_BAL",
        "predictive_power_baselines": {
            "AGE": 0.45635066035384997,
            "BILL_AMT1": 0.45635066035384997,
            "BILL_AMT2": 0.45635066035384997,
            "BILL_AMT3": 0.45635066035384997,
            "BILL_AMT4": 0.45635066035384997,
            "BILL_AMT5": 0.45635066035384997,
            "BILL_AMT6": 0.45635066035384997,
            "EDUCATION": 0.45635066035384997,
            "ID": 0,
            "LIMIT_BAL": 0.45635066035384997,
            "MARRIAGE": 0.45635066035384997,
            "PAY_0": 0.45635066035384997,
            "PAY_2": 0.45635066035384997,
            "PAY_3": 0.45635066035384997,
            "PAY_4": 0.45635066035384997,
            "PAY_5": 0.45635066035384997,
            "PAY_6": 0.45635066035384997,
            "PAY_AMT1": 0.45635066035384997,
            "PAY_AMT2": 0.45635066035384997,
            "PAY_AMT3": 0.45635066035384997,
            "PAY_AMT4": 0.45635066035384997,
            "PAY_AMT5": 0.45635066035384997,
            "PAY_AMT6": 0.45635066035384997,
            "default.payment.next.month": 0.45635066035384997
        },
        "predictive_power_score": 8.0,
        "predictive_power_scores": {
            "AGE": 0.08068083104939393,
            "BILL_AMT1": 0.056461184940854926,
            "BILL_AMT2": 0.049634204359296503,
            "BILL_AMT3": 0.042961160719288925,
            "BILL_AMT4": 0.0466763976544912,
            "BILL_AMT5": 0.05571658444718547,
            "BILL_AMT6": 0.041544464341936246,
            "EDUCATION": 0.0003171627657975351,
            "ID": 0,
            "LIMIT_BAL": 0.16305487706704969,
            "MARRIAGE": 0,
            "PAY_0": 0.005448778517838124,
            "PAY_2": 0.008067907799310298,
            "PAY_3": 0.015939305226347317,
            "PAY_4": 0.02422992118876608,
            "PAY_5": 0.012657176121590437,
            "PAY_6": 0.005394815890874202,
            "PAY_AMT1": 0.09528394437536583,
            "PAY_AMT2": 0.08669645976152408,
            "PAY_AMT3": 0.10073611973498874,
            "PAY_AMT4": 0.0844296041560479,
            "PAY_AMT5": 0.06634070986793097,
            "PAY_AMT6": 0.07274582376563113,
            "default.payment.next.month": 1.4231270963418721e-07
        },
        "predictive_power_unadjusted_scores": {
            "AGE": 0.5002127408759556,
            "BILL_AMT1": 0.4870457462625849,
            "BILL_AMT2": 0.4833342627776436,
            "BILL_AMT3": 0.4797064670093235,
            "BILL_AMT4": 0.4817262531157752,
            "BILL_AMT5": 0.4866409446959013,
            "BILL_AMT6": 0.47893628095929663,
            "EDUCATION": 0.45652308568203614,
            "ID": 0,
            "LIMIT_BAL": 0.5449953365974357,
            "MARRIAGE": 0.45597412277402916,
            "PAY_0": 0.4593128851969508,
            "PAY_2": 0.46073677310127104,
            "PAY_3": 0.4650160531145721,
            "PAY_4": 0.4695232410078009,
            "PAY_5": 0.4632317257941376,
            "PAY_6": 0.4592835484504363,
            "PAY_AMT1": 0.5081517137923981,
            "PAY_AMT2": 0.5034831334528616,
            "PAY_AMT3": 0.5111157853262921,
            "PAY_AMT4": 0.5022507588998713,
            "PAY_AMT5": 0.4924167434652075,
            "PAY_AMT6": 0.49589887940605054,
            "default.payment.next.month": 0.4563507377220606
        },
        "ran_for_col": "SEX"
    },
    {
        "highest_score": 0.214530239875427,
        "highest_score_column": "PAY_2",
        "predictive_power_baselines": {
            "AGE": 0.29454706364381317,
            "BILL_AMT1": 0.29454706364381317,
            "BILL_AMT2": 0.29454706364381317,
            "BILL_AMT3": 0.29454706364381317,
            "BILL_AMT4": 0.29454706364381317,
            "BILL_AMT5": 0.29454706364381317,
            "BILL_AMT6": 0.29454706364381317,
            "ID": 0,
            "LIMIT_BAL": 0.29454706364381317,
            "MARRIAGE": 0.29454706364381317,
            "PAY_0": 0.29454706364381317,
            "PAY_2": 0.29454706364381317,
            "PAY_3": 0.29454706364381317,
            "PAY_4": 0.29454706364381317,
            "PAY_5": 0.29454706364381317,
            "PAY_6": 0.29454706364381317,
            "PAY_AMT1": 0.29454706364381317,
            "PAY_AMT2": 0.29454706364381317,
            "PAY_AMT3": 0.29454706364381317,
            "PAY_AMT4": 0.29454706364381317,
            "PAY_AMT5": 0.29454706364381317,
            "PAY_AMT6": 0.29454706364381317,
            "SEX": 0.29454706364381317,
            "default.payment.next.month": 0.29454706364381317
        },
        "predictive_power_score": 8.0,
        "predictive_power_scores": {
            "AGE": 0.1655368303908735,
            "BILL_AMT1": 0.10797481827257185,
            "BILL_AMT2": 0.11628956921554781,
            "BILL_AMT3": 0.11464115025610351,
            "BILL_AMT4": 0.11722678673713925,
            "BILL_AMT5": 0.12169648774824188,
            "BILL_AMT6": 0.051027901522956845,
            "ID": 0,
            "LIMIT_BAL": 0.20751313486589382,
            "MARRIAGE": 0.0028893688078276366,
            "PAY_0": 0.19647401936356393,
            "PAY_2": 0.214530239875427,
            "PAY_3": 0.21091714991817942,
            "PAY_4": 0.20349239127504753,
            "PAY_5": 0.19765447560511495,
            "PAY_6": 0.1943879967373898,
            "PAY_AMT1": 0.06746539240443476,
            "PAY_AMT2": 0.07459379181584941,
            "PAY_AMT3": 0.06987882324826013,
            "PAY_AMT4": 0.07609874425651891,
            "PAY_AMT5": 0.05352551396763399,
            "PAY_AMT6": 0.06266312269577949,
            "SEX": 1.4444509695040434e-07,
            "default.payment.next.month": 1.4444509695040434e-07
        },
        "predictive_power_unadjusted_scores": {
            "AGE": 0.41132550671815094,
            "BILL_AMT1": 0.37071821624672463,
            "BILL_AMT2": 0.3765838817145174,
            "BILL_AMT3": 0.3754209997192322,
            "BILL_AMT4": 0.37724504456712854,
            "BILL_AMT5": 0.3803982082700451,
            "BILL_AMT6": 0.3305448466092774,
            "ID": 0,
            "LIMIT_BAL": 0.44093781396743537,
            "MARRIAGE": 0.29658537735351115,
            "PAY_0": 0.43315023752154164,
            "PAY_2": 0.44588805130113024,
            "PAY_3": 0.4433391863814709,
            "PAY_4": 0.43810136859493753,
            "PAY_5": 0.4339829938433838,
            "PAY_6": 0.43167864673460166,
            "PAY_AMT1": 0.34214072281794405,
            "PAY_AMT2": 0.34716947311424623,
            "PAY_AMT3": 0.34384328469341324,
            "PAY_AMT4": 0.34823114623259294,
            "PAY_AMT5": 0.33230679464225465,
            "PAY_AMT6": 0.3387529475507988,
            "SEX": 0.29454716554303095,
            "default.payment.next.month": 0.29454716554303095
        },
        "ran_for_col": "EDUCATION"
    },
    {
        "highest_score": 0.5617090176960551,
        "highest_score_column": "AGE",
        "predictive_power_baselines": {
            "AGE": 0.36948302872062666,
            "BILL_AMT1": 0.36948302872062666,
            "BILL_AMT2": 0.36948302872062666,
            "BILL_AMT3": 0.36948302872062666,
            "BILL_AMT4": 0.36948302872062666,
            "BILL_AMT5": 0.36948302872062666,
            "BILL_AMT6": 0.36948302872062666,
            "EDUCATION": 0.36948302872062666,
            "ID": 0,
            "LIMIT_BAL": 0.36948302872062666,
            "PAY_0": 0.36948302872062666,
            "PAY_2": 0.36948302872062666,
            "PAY_3": 0.36948302872062666,
            "PAY_4": 0.36948302872062666,
            "PAY_5": 0.36948302872062666,
            "PAY_6": 0.36948302872062666,
            "PAY_AMT1": 0.36948302872062666,
            "PAY_AMT2": 0.36948302872062666,
            "PAY_AMT3": 0.36948302872062666,
            "PAY_AMT4": 0.36948302872062666,
            "PAY_AMT5": 0.36948302872062666,
            "PAY_AMT6": 0.36948302872062666,
            "SEX": 0.36948302872062666,
            "default.payment.next.month": 0.36948302872062666
        },
        "predictive_power_score": 4.0,
        "predictive_power_scores": {
            "AGE": 0.5617090176960551,
            "BILL_AMT1": 0.1260646561470684,
            "BILL_AMT2": 0.13975570370489004,
            "BILL_AMT3": 0.14678743827259802,
            "BILL_AMT4": 0.1566694879377908,
            "BILL_AMT5": 0.0721854022479788,
            "BILL_AMT6": 0.055080377145923495,
            "EDUCATION": 0.21820699904411553,
            "ID": 0,
            "LIMIT_BAL": 0.24725290705731578,
            "PAY_0": 0.1935145488915263,
            "PAY_2": 0.2505152728460065,
            "PAY_3": 0.19982187913781202,
            "PAY_4": 0.25406302774021566,
            "PAY_5": 0.17454053909920156,
            "PAY_6": 0.13999720793917217,
            "PAY_AMT1": 0.12423910065681236,
            "PAY_AMT2": 0.13758797830801842,
            "PAY_AMT3": 0.09849498726817384,
            "PAY_AMT4": 0.08044841998794398,
            "PAY_AMT5": 0.13003738814318253,
            "PAY_AMT6": 0.11078055298807897,
            "SEX": 0.0,
            "default.payment.next.month": 0.0
        },
        "predictive_power_unadjusted_scores": {
            "AGE": 0.7236500972986553,
            "BILL_AMT1": 0.4489689338998519,
            "BILL_AMT2": 0.45760137173965143,
            "BILL_AMT3": 0.46203499972212314,
            "BILL_AMT4": 0.46826579974705285,
            "BILL_AMT5": 0.4149971499166055,
            "BILL_AMT6": 0.40421214129559996,
            "EDUCATION": 0.5070662448698835,
            "ID": 0,
            "LIMIT_BAL": 0.5253801828184258,
            "PAY_0": 0.49149723598620604,
            "PAY_2": 0.5274371598147165,
            "PAY_3": 0.4954741147499529,
            "PAY_4": 0.5296740794854549,
            "PAY_5": 0.47953380079892427,
            "PAY_6": 0.45775364425800213,
            "PAY_AMT1": 0.4478178901812332,
            "PAY_AMT2": 0.45623458408785056,
            "PAY_AMT3": 0.43158578977915607,
            "PAY_AMT4": 0.4202071228356361,
            "PAY_AMT5": 0.4514738088457464,
            "PAY_AMT6": 0.43933204746732435,
            "SEX": 0.36948302872062666,
            "default.payment.next.month": 0.36948302872062666
        },
        "ran_for_col": "MARRIAGE"
    },
    {
        "highest_score": 0.14079871952228662,
        "highest_score_column": "MARRIAGE",
        "predictive_power_baselines": {
            "BILL_AMT1": 7.4712,
            "BILL_AMT2": 7.4712,
            "BILL_AMT3": 7.4712,
            "BILL_AMT4": 7.4712,
            "BILL_AMT5": 7.4712,
            "BILL_AMT6": 7.4712,
            "EDUCATION": 7.4712,
            "ID": 0,
            "LIMIT_BAL": 7.4712,
            "MARRIAGE": 7.4712,
            "PAY_0": 7.4712,
            "PAY_2": 7.4712,
            "PAY_3": 7.4712,
            "PAY_4": 7.4712,
            "PAY_5": 7.4712,
            "PAY_6": 7.4712,
            "PAY_AMT1": 7.4712,
            "PAY_AMT2": 7.4712,
            "PAY_AMT3": 7.4712,
            "PAY_AMT4": 7.4712,
            "PAY_AMT5": 7.4712,
            "PAY_AMT6": 7.4712,
            "SEX": 7.4712,
            "default.payment.next.month": 7.4712
        },
        "predictive_power_score": 9.0,
        "predictive_power_scores": {
            "BILL_AMT1": 0,
            "BILL_AMT2": 0,
            "BILL_AMT3": 0,
            "BILL_AMT4": 0,
            "BILL_AMT5": 0,
            "BILL_AMT6": 0,
            "EDUCATION": 0.021102434945354354,
            "ID": 0,
            "LIMIT_BAL": 0,
            "MARRIAGE": 0.14079871952228662,
            "PAY_0": 0,
            "PAY_2": 0,
            "PAY_3": 0,
            "PAY_4": 0,
            "PAY_5": 0,
            "PAY_6": 0,
            "PAY_AMT1": 0,
            "PAY_AMT2": 0,
            "PAY_AMT3": 0,
            "PAY_AMT4": 0,
            "PAY_AMT5": 0,
            "PAY_AMT6": 0,
            "SEX": 0,
            "default.payment.next.month": 0
        },
        "predictive_power_unadjusted_scores": {
            "BILL_AMT1": 8.475183616459764,
            "BILL_AMT2": 8.450625016537472,
            "BILL_AMT3": 8.43581359482133,
            "BILL_AMT4": 8.383854900770997,
            "BILL_AMT5": 8.451877157835535,
            "BILL_AMT6": 8.294172816931088,
            "EDUCATION": 7.313539488036268,
            "ID": 0,
            "LIMIT_BAL": 7.5362008866844565,
            "MARRIAGE": 6.419264606705092,
            "PAY_0": 7.570377068070071,
            "PAY_2": 7.55028837378829,
            "PAY_3": 7.557683765982514,
            "PAY_4": 7.564181099089588,
            "PAY_5": 7.57281197876137,
            "PAY_6": 7.580999083426458,
            "PAY_AMT1": 8.206324884106063,
            "PAY_AMT2": 8.091698195050975,
            "PAY_AMT3": 8.383705312409614,
            "PAY_AMT4": 8.17083285478952,
            "PAY_AMT5": 8.153466433383855,
            "PAY_AMT6": 8.042152713055401,
            "SEX": 7.550070805948028,
            "default.payment.next.month": 7.586887501031351
        },
        "ran_for_col": "AGE"
    },
    {
        "highest_score": 0.604875297676967,
        "highest_score_column": "PAY_2",
        "predictive_power_baselines": {
            "AGE": 0.32426228716986194,
            "BILL_AMT1": 0.32426228716986194,
            "BILL_AMT2": 0.32426228716986194,
            "BILL_AMT3": 0.32426228716986194,
            "BILL_AMT4": 0.32426228716986194,
            "BILL_AMT5": 0.32426228716986194,
            "BILL_AMT6": 0.32426228716986194,
            "EDUCATION": 0.32426228716986194,
            "ID": 0,
            "LIMIT_BAL": 0.32426228716986194,
            "MARRIAGE": 0.32426228716986194,
            "PAY_2": 0.32426228716986194,
            "PAY_3": 0.32426228716986194,
            "PAY_4": 0.32426228716986194,
            "PAY_5": 0.32426228716986194,
            "PAY_6": 0.32426228716986194,
            "PAY_AMT1": 0.32426228716986194,
            "PAY_AMT2": 0.32426228716986194,
            "PAY_AMT3": 0.32426228716986194,
            "PAY_AMT4": 0.32426228716986194,
            "PAY_AMT5": 0.32426228716986194,
            "PAY_AMT6": 0.32426228716986194,
            "SEX": 0.32426228716986194,
            "default.payment.next.month": 0.32426228716986194
        },
        "predictive_power_score": 4.0,
        "predictive_power_scores": {
            "AGE": 0.004091688133487055,
            "BILL_AMT1": 0.21363648475076635,
            "BILL_AMT2": 0.1638733036694514,
            "BILL_AMT3": 0.1395709140876538,
            "BILL_AMT4": 0.12922753824154978,
            "BILL_AMT5": 0.08880428169820329,
            "BILL_AMT6": 0.0669696240009135,
            "EDUCATION": 0,
            "ID": 0,
            "LIMIT_BAL": 0.04206943570240309,
            "MARRIAGE": 0,
            "PAY_2": 0.604875297676967,
            "PAY_3": 0.4714451913490487,
            "PAY_4": 0.43031246738265444,
            "PAY_5": 0.38480154424273494,
            "PAY_6": 0.3216014821856772,
            "PAY_AMT1": 0.20736240803935463,
            "PAY_AMT2": 0.13615117996181528,
            "PAY_AMT3": 0.12625123367990593,
            "PAY_AMT4": 0.05488838876823375,
            "PAY_AMT5": 0.05344244709341462,
            "PAY_AMT6": 0.03973349509077332,
            "SEX": 1.0700837354151104e-07,
            "default.payment.next.month": 0.07066047099413564
        },
        "predictive_power_unadjusted_scores": {
            "AGE": 0.3270271951507987,
            "BILL_AMT1": 0.46862451675241545,
            "BILL_AMT2": 0.4349976585853757,
            "BILL_AMT3": 0.4185756174330648,
            "BILL_AMT4": 0.411586208295876,
            "BILL_AMT5": 0.3842706893741291,
            "BILL_AMT6": 0.36951618772133354,
            "EDUCATION": 0.32406776770457474,
            "ID": 0,
            "LIMIT_BAL": 0.35269019143145836,
            "MARRIAGE": 0.32408389015163686,
            "PAY_2": 0.7329993373695446,
            "PAY_3": 0.6428355824968349,
            "PAY_4": 0.6150406496813102,
            "PAY_5": 0.5842872025699528,
            "PAY_6": 0.5415805371847938,
            "PAY_AMT1": 0.4643848865053253,
            "PAY_AMT2": 0.4162647741163835,
            "PAY_AMT3": 0.40957500705870487,
            "PAY_AMT4": 0.36135244145703965,
            "PAY_AMT5": 0.3603753641368116,
            "PAY_AMT6": 0.3511117082652486,
            "SEX": 0.32426235947945553,
            "default.payment.next.month": 0.37201023222693946
        },
        "ran_for_col": "PAY_0"
    },
    {
        "highest_score": 0.7485492181758928,
        "highest_score_column": "PAY_0",
        "predictive_power_baselines": {
            "AGE": 0.3637576948264571,
            "BILL_AMT1": 0.3637576948264571,
            "BILL_AMT2": 0.3637576948264571,
            "BILL_AMT3": 0.3637576948264571,
            "BILL_AMT4": 0.3637576948264571,
            "BILL_AMT5": 0.3637576948264571,
            "BILL_AMT6": 0.3637576948264571,
            "EDUCATION": 0.3637576948264571,
            "ID": 0,
            "LIMIT_BAL": 0.3637576948264571,
            "MARRIAGE": 0.3637576948264571,
            "PAY_0": 0.3637576948264571,
            "PAY_3": 0.3637576948264571,
            "PAY_4": 0.3637576948264571,
            "PAY_5": 0.3637576948264571,
            "PAY_6": 0.3637576948264571,
            "PAY_AMT1": 0.3637576948264571,
            "PAY_AMT2": 0.3637576948264571,
            "PAY_AMT3": 0.3637576948264571,
            "PAY_AMT4": 0.3637576948264571,
            "PAY_AMT5": 0.3637576948264571,
            "PAY_AMT6": 0.3637576948264571,
            "SEX": 0.3637576948264571,
            "default.payment.next.month": 0.3637576948264571
        },
        "predictive_power_score": 3.0,
        "predictive_power_scores": {
            "AGE": 0.004123942091619949,
            "BILL_AMT1": 0.26870681564141,
            "BILL_AMT2": 0.23714507463737616,
            "BILL_AMT3": 0.20472353915907635,
            "BILL_AMT4": 0.19319867809291702,
            "BILL_AMT5": 0.17719594021357912,
            "BILL_AMT6": 0.17107900030437873,
            "EDUCATION": 8.957407714140902e-05,
            "ID": 0,
            "LIMIT_BAL": 0.03671532738461919,
            "MARRIAGE": 0,
            "PAY_0": 0.7485492181758928,
            "PAY_3": 0.704629235083294,
            "PAY_4": 0.5836438220180832,
            "PAY_5": 0.5243149450921282,
            "PAY_6": 0.5028738284328645,
            "PAY_AMT1": 0.22642261680923328,
            "PAY_AMT2": 0.17223826506953446,
            "PAY_AMT3": 0.14752464712576985,
            "PAY_AMT4": 0.13783029373057343,
            "PAY_AMT5": 0.06309275633372198,
            "PAY_AMT6": 0.045253217993887214,
            "SEX": 1.0597059893180579e-07,
            "default.payment.next.month": 1.0597059893180579e-07
        },
        "predictive_power_unadjusted_scores": {
            "AGE": 0.36638152124923157,
            "BILL_AMT1": 0.53472033862599,
            "BILL_AMT2": 0.5146394237742932,
            "BILL_AMT3": 0.4940114713043139,
            "BILL_AMT4": 0.48667886713277586,
            "BILL_AMT5": 0.47649724829533796,
            "BILL_AMT6": 0.47260539234690024,
            "EDUCATION": 0.36381468564378133,
            "ID": 0,
            "LIMIT_BAL": 0.3871175393568485,
            "MARRIAGE": 0.3635816226707195,
            "PAY_0": 0.8400163749345404,
            "PAY_3": 0.8120726236485223,
            "PAY_4": 0.7350965855475393,
            "PAY_5": 0.6973490441288123,
            "PAY_6": 0.6837072986400275,
            "PAY_AMT1": 0.5078173424885895,
            "PAY_AMT2": 0.4733429656333894,
            "PAY_AMT3": 0.45761911638367037,
            "PAY_AMT4": 0.45145115863234364,
            "PAY_AMT5": 0.403899975555977,
            "PAY_AMT6": 0.39254970655940874,
            "SEX": 0.36375776224943523,
            "default.payment.next.month": 0.36375776224943523
        },
        "ran_for_col": "PAY_2"
    },
    {
        "highest_score": 0.7271840469605013,
        "highest_score_column": "PAY_2",
        "predictive_power_baselines": {
            "AGE": 0.3596528291978469,
            "BILL_AMT1": 0.3596528291978469,
            "BILL_AMT2": 0.3596528291978469,
            "BILL_AMT3": 0.3596528291978469,
            "BILL_AMT4": 0.3596528291978469,
            "BILL_AMT5": 0.3596528291978469,
            "BILL_AMT6": 0.3596528291978469,
            "EDUCATION": 0.3596528291978469,
            "ID": 0,
            "LIMIT_BAL": 0.3596528291978469,
            "MARRIAGE": 0.3596528291978469,
            "PAY_0": 0.3596528291978469,
            "PAY_2": 0.3596528291978469,
            "PAY_4": 0.3596528291978469,
            "PAY_5": 0.3596528291978469,
            "PAY_6": 0.3596528291978469,
            "PAY_AMT1": 0.3596528291978469,
            "PAY_AMT2": 0.3596528291978469,
            "PAY_AMT3": 0.3596528291978469,
            "PAY_AMT4": 0.3596528291978469,
            "PAY_AMT5": 0.3596528291978469,
            "PAY_AMT6": 0.3596528291978469,
            "SEX": 0.3596528291978469,
            "default.payment.next.month": 0.3596528291978469
        },
        "predictive_power_score": 3.0,
        "predictive_power_scores": {
            "AGE": 0.004558721781609882,
            "BILL_AMT1": 0.2302011982919503,
            "BILL_AMT2": 0.2747566138550539,
            "BILL_AMT3": 0.26131507695510403,
            "BILL_AMT4": 0.22450173986995484,
            "BILL_AMT5": 0.20817966795497062,
            "BILL_AMT6": 0.19378226775580584,
            "EDUCATION": 0.000664109952218791,
            "ID": 0,
            "LIMIT_BAL": 0.03641087716365507,
            "MARRIAGE": 0,
            "PAY_0": 0.5590302348713048,
            "PAY_2": 0.7271840469605013,
            "PAY_4": 0.699421292243558,
            "PAY_5": 0.5760493503911693,
            "PAY_6": 0.5392500684512102,
            "PAY_AMT1": 0.21814947621595862,
            "PAY_AMT2": 0.2604899667592493,
            "PAY_AMT3": 0.1777654776174492,
            "PAY_AMT4": 0.16163639283935904,
            "PAY_AMT5": 0.15948772760196053,
            "PAY_AMT6": 0.1114259265570103,
            "SEX": 1.0598390020912828e-07,
            "default.payment.next.month": 1.0598390020912828e-07
        },
        "predictive_power_unadjusted_scores": {
            "AGE": 0.36257199379317495,
            "BILL_AMT1": 0.5070615152393627,
            "BILL_AMT2": 0.5355924495391103,
            "BILL_AMT3": 0.5269851994139947,
            "BILL_AMT4": 0.5034118831637334,
            "BILL_AMT5": 0.492960090591344,
            "BILL_AMT6": 0.4837407561069025,
            "EDUCATION": 0.36007809012685177,
            "ID": 0,
            "LIMIT_BAL": 0.38296843137601816,
            "MARRIAGE": 0.359428981208475,
            "PAY_0": 0.7176262584905501,
            "PAY_2": 0.8253030763214639,
            "PAY_4": 0.8075252748847952,
            "PAY_5": 0.7285244009632503,
            "PAY_6": 0.7049600848854467,
            "PAY_AMT1": 0.4993442291047076,
            "PAY_AMT2": 0.5264568424344791,
            "PAY_AMT3": 0.473484449856474,
            "PAY_AMT4": 0.4631562360511959,
            "PAY_AMT5": 0.4617803443454268,
            "PAY_AMT6": 0.43100410602263695,
            "SEX": 0.35965289706433756,
            "default.payment.next.month": 0.35965289706433756
        },
        "ran_for_col": "PAY_3"
    },
    {
        "highest_score": 0.710976710557476,
        "highest_score_column": "PAY_5",
        "predictive_power_baselines": {
            "AGE": 0.3872906294429365,
            "BILL_AMT1": 0.3872906294429365,
            "BILL_AMT2": 0.3872906294429365,
            "BILL_AMT3": 0.3872906294429365,
            "BILL_AMT4": 0.3872906294429365,
            "BILL_AMT5": 0.3872906294429365,
            "BILL_AMT6": 0.3872906294429365,
            "EDUCATION": 0.3872906294429365,
            "ID": 0,
            "LIMIT_BAL": 0.3872906294429365,
            "MARRIAGE": 0.3872906294429365,
            "PAY_0": 0.3872906294429365,
            "PAY_2": 0.3872906294429365,
            "PAY_3": 0.3872906294429365,
            "PAY_5": 0.3872906294429365,
            "PAY_6": 0.3872906294429365,
            "PAY_AMT1": 0.3872906294429365,
            "PAY_AMT2": 0.3872906294429365,
            "PAY_AMT3": 0.3872906294429365,
            "PAY_AMT4": 0.3872906294429365,
            "PAY_AMT5": 0.3872906294429365,
            "PAY_AMT6": 0.3872906294429365,
            "SEX": 0.3872906294429365,
            "default.payment.next.month": 0.3872906294429365
        },
        "predictive_power_score": 3.0,
        "predictive_power_scores": {
            "AGE": 0,
            "BILL_AMT1": 0.2269275952030783,
            "BILL_AMT2": 0.2624626065199002,
            "BILL_AMT3": 0.3170162471564752,
            "BILL_AMT4": 0.30452098404800537,
            "BILL_AMT5": 0.258493686381799,
            "BILL_AMT6": 0.2409322856382462,
            "EDUCATION": 0.0024849933151350765,
            "ID": 0,
            "LIMIT_BAL": 0.02502838129703846,
            "MARRIAGE": 0,
            "PAY_0": 0.45069465290308264,
            "PAY_2": 0.5546814130034764,
            "PAY_3": 0.7091838702492336,
            "PAY_5": 0.710976710557476,
            "PAY_6": 0.5821574070918252,
            "PAY_AMT1": 0.2071849029753267,
            "PAY_AMT2": 0.24522726942258782,
            "PAY_AMT3": 0.24767094429257852,
            "PAY_AMT4": 0.19047169720957424,
            "PAY_AMT5": 0.17397194909145725,
            "PAY_AMT6": 0.1596245702347404,
            "SEX": 1.0569068523450928e-07,
            "default.payment.next.month": 1.0569068523450928e-07
        },
        "predictive_power_unadjusted_scores": {
            "AGE": 0.3870939276032539,
            "BILL_AMT1": 0.5263312934618427,
            "BILL_AMT2": 0.5481039278785108,
            "BILL_AMT3": 0.5815294546945429,
            "BILL_AMT4": 0.5738734899004074,
            "BILL_AMT5": 0.5456721333189035,
            "BILL_AMT6": 0.534912098523221,
            "EDUCATION": 0.38881320813289144,
            "ID": 0,
            "LIMIT_BAL": 0.40262575319350713,
            "MARRIAGE": 0.38706593483452106,
            "PAY_0": 0.6634354665366184,
            "PAY_2": 0.7271491288639991,
            "PAY_3": 0.8218142321925666,
            "PAY_5": 0.8229127222493391,
            "PAY_6": 0.7439839279073008,
            "PAY_AMT1": 0.5142347609338752,
            "PAY_AMT2": 0.5375436753342777,
            "PAY_AMT3": 0.5390409378257158,
            "PAY_AMT4": 0.5039944231491503,
            "PAY_AMT5": 0.49388487286534877,
            "PAY_AMT6": 0.48509409939690606,
            "SEX": 0.38729069420060974,
            "default.payment.next.month": 0.38729069420060974
        },
        "ran_for_col": "PAY_4"
    },
    {
        "highest_score": 0.7162956059163703,
        "highest_score_column": "PAY_4",
        "predictive_power_baselines": {
            "AGE": 0.416740981938438,
            "BILL_AMT1": 0.416740981938438,
            "BILL_AMT2": 0.416740981938438,
            "BILL_AMT3": 0.416740981938438,
            "BILL_AMT4": 0.416740981938438,
            "BILL_AMT5": 0.416740981938438,
            "BILL_AMT6": 0.416740981938438,
            "EDUCATION": 0.416740981938438,
            "ID": 0,
            "LIMIT_BAL": 0.416740981938438,
            "MARRIAGE": 0.416740981938438,
            "PAY_0": 0.416740981938438,
            "PAY_2": 0.416740981938438,
            "PAY_3": 0.416740981938438,
            "PAY_4": 0.416740981938438,
            "PAY_6": 0.416740981938438,
            "PAY_AMT1": 0.416740981938438,
            "PAY_AMT2": 0.416740981938438,
            "PAY_AMT3": 0.416740981938438,
            "PAY_AMT4": 0.416740981938438,
            "PAY_AMT5": 0.416740981938438,
            "PAY_AMT6": 0.416740981938438,
            "SEX": 0.416740981938438,
            "default.payment.next.month": 0.416740981938438
        },
        "predictive_power_score": 3.0,
        "predictive_power_scores": {
            "AGE": 0.0008739399594945589,
            "BILL_AMT1": 0.21965252473323096,
            "BILL_AMT2": 0.24630228458092468,
            "BILL_AMT3": 0.28881930743993295,
            "BILL_AMT4": 0.34885290711302325,
            "BILL_AMT5": 0.3161226277585396,
            "BILL_AMT6": 0.269797893918967,
            "EDUCATION": 0.0029032369735808514,
            "ID": 0,
            "LIMIT_BAL": 0.007937401845068122,
            "MARRIAGE": 0.000987623720312941,
            "PAY_0": 0.4108547733150632,
            "PAY_2": 0.4781930111578011,
            "PAY_3": 0.5185440286741456,
            "PAY_4": 0.7162956059163703,
            "PAY_6": 0.6932235095284749,
            "PAY_AMT1": 0.1941537391211589,
            "PAY_AMT2": 0.21325884944458867,
            "PAY_AMT3": 0.24370555899728527,
            "PAY_AMT4": 0.2544978785941023,
            "PAY_AMT5": 0.2059459288713227,
            "PAY_AMT6": 0.1795174157253944,
            "SEX": 1.4112353242308852e-07,
            "default.payment.next.month": 1.4112353242308852e-07
        },
        "predictive_power_unadjusted_scores": {
            "AGE": 0.41725071530105756,
            "BILL_AMT1": 0.5448552978290853,
            "BILL_AMT2": 0.5603990105894275,
            "BILL_AMT3": 0.5851974475930737,
            "BILL_AMT4": 0.6202125859891012,
            "BILL_AMT5": 0.6011223553919245,
            "BILL_AMT6": 0.5741030366206922,
            "EDUCATION": 0.4184343210848488,
            "ID": 0,
            "LIMIT_BAL": 0.42137054314455247,
            "MARRIAGE": 0.41731702237976204,
            "PAY_0": 0.6563757335880874,
            "PAY_2": 0.6956513680702386,
            "PAY_3": 0.7191864629246066,
            "PAY_4": 0.8345268536870317,
            "PAY_6": 0.8210698454032062,
            "PAY_AMT1": 0.5299829011712258,
            "PAY_AMT2": 0.5411261290584273,
            "PAY_AMT3": 0.5588844469753387,
            "PAY_AMT4": 0.5651791647059847,
            "PAY_AMT5": 0.536860802185702,
            "PAY_AMT6": 0.5214461335593807,
            "SEX": 0.41674106425001095,
            "default.payment.next.month": 0.41674106425001095
        },
        "ran_for_col": "PAY_5"
    },
    {
        "highest_score": 0.7124785077408802,
        "highest_score_column": "PAY_5",
        "predictive_power_baselines": {
            "AGE": 0.38333678756476686,
            "BILL_AMT1": 0.38333678756476686,
            "BILL_AMT2": 0.38333678756476686,
            "BILL_AMT3": 0.38333678756476686,
            "BILL_AMT4": 0.38333678756476686,
            "BILL_AMT5": 0.38333678756476686,
            "BILL_AMT6": 0.38333678756476686,
            "EDUCATION": 0.38333678756476686,
            "ID": 0,
            "LIMIT_BAL": 0.38333678756476686,
            "MARRIAGE": 0.38333678756476686,
            "PAY_0": 0.38333678756476686,
            "PAY_2": 0.38333678756476686,
            "PAY_3": 0.38333678756476686,
            "PAY_4": 0.38333678756476686,
            "PAY_5": 0.38333678756476686,
            "PAY_AMT1": 0.38333678756476686,
            "PAY_AMT2": 0.38333678756476686,
            "PAY_AMT3": 0.38333678756476686,
            "PAY_AMT4": 0.38333678756476686,
            "PAY_AMT5": 0.38333678756476686,
            "PAY_AMT6": 0.38333678756476686,
            "SEX": 0.38333678756476686,
            "default.payment.next.month": 0.38333678756476686
        },
        "predictive_power_score": 3.0,
        "predictive_power_scores": {
            "AGE": 0.00132991253966337,
            "BILL_AMT1": 0.20486009406912858,
            "BILL_AMT2": 0.23236230427587745,
            "BILL_AMT3": 0.26053100444120747,
            "BILL_AMT4": 0.2937388858044243,
            "BILL_AMT5": 0.3478530757870276,
            "BILL_AMT6": 0.32557106257858953,
            "EDUCATION": 0,
            "ID": 0,
            "LIMIT_BAL": 0.030618230869873544,
            "MARRIAGE": 0.0009272725768115483,
            "PAY_0": 0.4091442321620151,
            "PAY_2": 0.47478233289133337,
            "PAY_3": 0.4918153934419626,
            "PAY_4": 0.568164242217191,
            "PAY_5": 0.7124785077408802,
            "PAY_AMT1": 0.19337286238350201,
            "PAY_AMT2": 0.20805554559697553,
            "PAY_AMT3": 0.23192840836547257,
            "PAY_AMT4": 0.2485910854002308,
            "PAY_AMT5": 0.2844415907665,
            "PAY_AMT6": 0.2300173937566161,
            "SEX": 0.0,
            "default.payment.next.month": 0.0
        },
        "predictive_power_unadjusted_scores": {
            "AGE": 0.38415689570373357,
            "BILL_AMT1": 0.5096664712732197,
            "BILL_AMT2": 0.5266260725683826,
            "BILL_AMT3": 0.5439966737024599,
            "BILL_AMT4": 0.5644747525020692,
            "BILL_AMT5": 0.5978449827350719,
            "BILL_AMT6": 0.5841044848904322,
            "EDUCATION": 0.3833325734246058,
            "ID": 0,
            "LIMIT_BAL": 0.4022179241720667,
            "MARRIAGE": 0.38390860245078656,
            "PAY_0": 0.6356409841191419,
            "PAY_2": 0.6761175861730307,
            "PAY_3": 0.6866212480097856,
            "PAY_4": 0.7337027743612498,
            "PAY_5": 0.8226960729393191,
            "PAY_AMT1": 0.5025827180799735,
            "PAY_AMT2": 0.5116369886775629,
            "PAY_AMT3": 0.5263585049224098,
            "PAY_AMT4": 0.5366337648704346,
            "PAY_AMT5": 0.5587414526770247,
            "PAY_AMT6": 0.5251800525147017,
            "SEX": 0.38333678756476686,
            "default.payment.next.month": 0.38333678756476686
        },
        "ran_for_col": "PAY_6"
    },
    {
        "highest_score": 0.9774548872248516,
        "highest_score_column": "LIMIT_BAL",
        "predictive_power_baselines": {
            "AGE": 46872.7022,
            "BILL_AMT2": 46872.7022,
            "BILL_AMT3": 46872.7022,
            "BILL_AMT4": 46872.7022,
            "BILL_AMT5": 46872.7022,
            "BILL_AMT6": 46872.7022,
            "EDUCATION": 46872.7022,
            "ID": 0,
            "LIMIT_BAL": 46872.7022,
            "MARRIAGE": 46872.7022,
            "PAY_0": 46872.7022,
            "PAY_2": 46872.7022,
            "PAY_3": 46872.7022,
            "PAY_4": 46872.7022,
            "PAY_5": 46872.7022,
            "PAY_6": 46872.7022,
            "PAY_AMT1": 46872.7022,
            "PAY_AMT2": 46872.7022,
            "PAY_AMT3": 46872.7022,
            "PAY_AMT4": 46872.7022,
            "PAY_AMT5": 46872.7022,
            "PAY_AMT6": 46872.7022,
            "SEX": 46872.7022,
            "default.payment.next.month": 46872.7022
        },
        "predictive_power_score": 0.0,
        "predictive_power_scores": {
            "AGE": 0.975572284694867,
            "BILL_AMT2": 0.9590799347280414,
            "BILL_AMT3": 0.959395169935655,
            "BILL_AMT4": 0.9595188792203309,
            "BILL_AMT5": 0.9598231569259973,
            "BILL_AMT6": 0.9601132226756928,
            "EDUCATION": 0.975702759676765,
            "ID": 0,
            "LIMIT_BAL": 0.9774548872248516,
            "MARRIAGE": 0.9757121981503395,
            "PAY_0": 0.9766566252796944,
            "PAY_2": 0.9765448769945803,
            "PAY_3": 0.9762457614951867,
            "PAY_4": 0.9761692737640031,
            "PAY_5": 0.9761250124975772,
            "PAY_6": 0.9760184019161421,
            "PAY_AMT1": 0.9759369629239965,
            "PAY_AMT2": 0.9757398134839819,
            "PAY_AMT3": 0.9754969335887771,
            "PAY_AMT4": 0.9757329606768935,
            "PAY_AMT5": 0.9754056302527147,
            "PAY_AMT6": 0.9753401390057213,
            "SEX": 0.975720753312547,
            "default.payment.next.month": 0.9757250512570201
        },
        "predictive_power_unadjusted_scores": {
            "AGE": 1144.9930249238805,
            "BILL_AMT2": 1918.0340334970783,
            "BILL_AMT3": 1903.2581074876493,
            "BILL_AMT4": 1897.459519027666,
            "BILL_AMT5": 1883.1972007438615,
            "BILL_AMT6": 1869.6010352399655,
            "EDUCATION": 1138.877309952827,
            "ID": 0,
            "LIMIT_BAL": 1056.7503571749455,
            "MARRIAGE": 1138.434903191744,
            "PAY_0": 1094.1670516078934,
            "PAY_2": 1099.4049956974081,
            "PAY_3": 1113.4253474238847,
            "PAY_4": 1117.01053406961,
            "PAY_5": 1119.0851792297856,
            "PAY_6": 1124.082305264761,
            "PAY_AMT1": 1127.8995708910747,
            "PAY_AMT2": 1137.1404978817714,
            "PAY_AMT3": 1148.524934880073,
            "PAY_AMT4": 1137.4617074676603,
            "PAY_AMT5": 1152.8045689611968,
            "PAY_AMT6": 1155.8743206782244,
            "SEX": 1138.0338996213209,
            "default.payment.next.month": 1137.832443349958
        },
        "ran_for_col": "BILL_AMT1"
    },
    {
        "highest_score": 0.9774830127010355,
        "highest_score_column": "PAY_AMT1",
        "predictive_power_baselines": {
            "AGE": 45436.694,
            "BILL_AMT1": 45436.694,
            "BILL_AMT3": 45436.694,
            "BILL_AMT4": 45436.694,
            "BILL_AMT5": 45436.694,
            "BILL_AMT6": 45436.694,
            "EDUCATION": 45436.694,
            "ID": 0,
            "LIMIT_BAL": 45436.694,
            "MARRIAGE": 45436.694,
            "PAY_0": 45436.694,
            "PAY_2": 45436.694,
            "PAY_3": 45436.694,
            "PAY_4": 45436.694,
            "PAY_5": 45436.694,
            "PAY_6": 45436.694,
            "PAY_AMT1": 45436.694,
            "PAY_AMT2": 45436.694,
            "PAY_AMT3": 45436.694,
            "PAY_AMT4": 45436.694,
            "PAY_AMT5": 45436.694,
            "PAY_AMT6": 45436.694,
            "SEX": 45436.694,
            "default.payment.next.month": 45436.694
        },
        "predictive_power_score": 0.0,
        "predictive_power_scores": {
            "AGE": 0.9747340019025663,
            "BILL_AMT1": 0.9593688345782646,
            "BILL_AMT3": 0.9631587185079179,
            "BILL_AMT4": 0.9593904684865173,
            "BILL_AMT5": 0.9595179006026412,
            "BILL_AMT6": 0.9598362510572941,
            "EDUCATION": 0.9748471597048852,
            "ID": 0,
            "LIMIT_BAL": 0.9766520524023259,
            "MARRIAGE": 0.9748282889671158,
            "PAY_0": 0.9753208386572255,
            "PAY_2": 0.9758674326900271,
            "PAY_3": 0.9763403498228954,
            "PAY_4": 0.9758100974732573,
            "PAY_5": 0.9756187362778252,
            "PAY_6": 0.9755911812511238,
            "PAY_AMT1": 0.9774830127010355,
            "PAY_AMT2": 0.9754819364832278,
            "PAY_AMT3": 0.9734916587018296,
            "PAY_AMT4": 0.9719463655760168,
            "PAY_AMT5": 0.9751025982766623,
            "PAY_AMT6": 0.9727343307786299,
            "SEX": 0.9748464892883039,
            "default.payment.next.month": 0.9748415810993164
        },
        "predictive_power_unadjusted_scores": {
            "AGE": 1148.0034241576748,
            "BILL_AMT1": 1846.1458301307725,
            "BILL_AMT3": 1673.9460337235996,
            "BILL_AMT4": 1845.1628568614697,
            "BILL_AMT5": 1839.372762795377,
            "BILL_AMT6": 1824.907970602552,
            "EDUCATION": 1142.86190772,
            "ID": 0,
            "LIMIT_BAL": 1060.8535505235513,
            "MARRIAGE": 1143.7193316575826,
            "PAY_0": 1121.3395021082752,
            "PAY_2": 1096.5040762976414,
            "PAY_3": 1075.016285244148,
            "PAY_4": 1099.1091989974368,
            "PAY_5": 1107.8040190777533,
            "PAY_6": 1109.056028394153,
            "PAY_AMT1": 1023.0974617049326,
            "PAY_AMT2": 1114.0197494841416,
            "PAY_AMT3": 1204.4513920125296,
            "PAY_AMT4": 1274.6644029103916,
            "PAY_AMT5": 1131.2556234983676,
            "PAY_AMT6": 1238.8618691166112,
            "SEX": 1142.892369233059,
            "default.payment.next.month": 1143.1153811141767
        },
        "ran_for_col": "BILL_AMT2"
    },
    {
        "highest_score": 0.9770257033270562,
        "highest_score_column": "PAY_AMT2",
        "predictive_power_baselines": {
            "AGE": 42996.8484,
            "BILL_AMT1": 42996.8484,
            "BILL_AMT2": 42996.8484,
            "BILL_AMT4": 42996.8484,
            "BILL_AMT5": 42996.8484,
            "BILL_AMT6": 42996.8484,
            "EDUCATION": 42996.8484,
            "ID": 0,
            "LIMIT_BAL": 42996.8484,
            "MARRIAGE": 42996.8484,
            "PAY_0": 42996.8484,
            "PAY_2": 42996.8484,
            "PAY_3": 42996.8484,
            "PAY_4": 42996.8484,
            "PAY_5": 42996.8484,
            "PAY_6": 42996.8484,
            "PAY_AMT1": 42996.8484,
            "PAY_AMT2": 42996.8484,
            "PAY_AMT3": 42996.8484,
            "PAY_AMT4": 42996.8484,
            "PAY_AMT5": 42996.8484,
            "PAY_AMT6": 42996.8484,
            "SEX": 42996.8484,
            "default.payment.next.month": 42996.8484
        },
        "predictive_power_score": 0.0,
        "predictive_power_scores": {
            "AGE": 0.9736046589891759,
            "BILL_AMT1": 0.9585338899084467,
            "BILL_AMT2": 0.9587392350259265,
            "BILL_AMT4": 0.9627807064506241,
            "BILL_AMT5": 0.9584936502638328,
            "BILL_AMT6": 0.9585480116006542,
            "EDUCATION": 0.9737235286410765,
            "ID": 0,
            "LIMIT_BAL": 0.975315136933487,
            "MARRIAGE": 0.9736756970106357,
            "PAY_0": 0.9741976522462017,
            "PAY_2": 0.9744346712812418,
            "PAY_3": 0.9753630511149547,
            "PAY_4": 0.9757762909738489,
            "PAY_5": 0.9750638120033767,
            "PAY_6": 0.9747213570740046,
            "PAY_AMT1": 0.968971426726671,
            "PAY_AMT2": 0.9770257033270562,
            "PAY_AMT3": 0.9748503867966154,
            "PAY_AMT4": 0.9690561384044668,
            "PAY_AMT5": 0.9707124700838015,
            "PAY_AMT6": 0.9735905261232107,
            "SEX": 0.9737012938669294,
            "default.payment.next.month": 0.9737014377285729
        },
        "predictive_power_unadjusted_scores": {
            "AGE": 1134.9164759087037,
            "BILL_AMT1": 1782.9120493442288,
            "BILL_AMT2": 1774.082856458268,
            "BILL_AMT4": 1600.3123222976124,
            "BILL_AMT5": 1784.6422272433592,
            "BILL_AMT6": 1782.3048610852327,
            "EDUCATION": 1129.8054555065746,
            "ID": 0,
            "LIMIT_BAL": 1061.3713150456151,
            "MARRIAGE": 1131.8620648693611,
            "PAY_0": 1109.419634734148,
            "PAY_2": 1099.2285632166115,
            "PAY_3": 1059.3111562488407,
            "PAY_4": 1041.5431446831326,
            "PAY_5": 1072.177494964712,
            "PAY_6": 1086.9019776467533,
            "PAY_AMT1": 1334.1308611016184,
            "PAY_AMT2": 987.8223511431892,
            "PAY_AMT3": 1081.3541062245677,
            "PAY_AMT4": 1330.4885259337225,
            "PAY_AMT5": 1259.2714838172542,
            "PAY_AMT6": 1135.5241446040686,
            "SEX": 1130.7614807197854,
            "default.payment.next.month": 1130.7552951225125
        },
        "ran_for_col": "BILL_AMT3"
    },
    {
        "highest_score": 0.9746741604317235,
        "highest_score_column": "PAY_AMT3",
        "predictive_power_baselines": {
            "AGE": 39618.0256,
            "BILL_AMT1": 39618.0256,
            "BILL_AMT2": 39618.0256,
            "BILL_AMT3": 39618.0256,
            "BILL_AMT5": 39618.0256,
            "BILL_AMT6": 39618.0256,
            "EDUCATION": 39618.0256,
            "ID": 0,
            "LIMIT_BAL": 39618.0256,
            "MARRIAGE": 39618.0256,
            "PAY_0": 39618.0256,
            "PAY_2": 39618.0256,
            "PAY_3": 39618.0256,
            "PAY_4": 39618.0256,
            "PAY_5": 39618.0256,
            "PAY_6": 39618.0256,
            "PAY_AMT1": 39618.0256,
            "PAY_AMT2": 39618.0256,
            "PAY_AMT3": 39618.0256,
            "PAY_AMT4": 39618.0256,
            "PAY_AMT5": 39618.0256,
            "PAY_AMT6": 39618.0256,
            "SEX": 39618.0256,
            "default.payment.next.month": 39618.0256
        },
        "predictive_power_score": 0.0,
        "predictive_power_scores": {
            "AGE": 0.9713665461281009,
            "BILL_AMT1": 0.9557229179794264,
            "BILL_AMT2": 0.9557976574196171,
            "BILL_AMT3": 0.956108006567612,
            "BILL_AMT5": 0.9561491741945816,
            "BILL_AMT6": 0.9561418172378098,
            "EDUCATION": 0.9715223370013647,
            "ID": 0,
            "LIMIT_BAL": 0.9730578509280988,
            "MARRIAGE": 0.9715214676785484,
            "PAY_0": 0.9719863489861391,
            "PAY_2": 0.9722983232793363,
            "PAY_3": 0.9728841935834945,
            "PAY_4": 0.9739206024475909,
            "PAY_5": 0.9741343522125279,
            "PAY_6": 0.973215103786328,
            "PAY_AMT1": 0.964161611093293,
            "PAY_AMT2": 0.9649038772812116,
            "PAY_AMT3": 0.9746741604317235,
            "PAY_AMT4": 0.9694127768238566,
            "PAY_AMT5": 0.9677675437447322,
            "PAY_AMT6": 0.9703615162925883,
            "SEX": 0.9715253514025439,
            "default.payment.next.month": 0.9715304396043932
        },
        "predictive_power_unadjusted_scores": {
            "AGE": 1134.4009085133189,
            "BILL_AMT1": 1754.1705689843836,
            "BILL_AMT2": 1751.2095399295804,
            "BILL_AMT3": 1738.9141194393803,
            "BILL_AMT5": 1737.2831393402105,
            "BILL_AMT6": 1737.574607441929,
            "EDUCATION": 1128.2287817081044,
            "ID": 0,
            "LIMIT_BAL": 1067.3947516495978,
            "MARRIAGE": 1128.2632225616962,
            "PAY_0": 1109.8455430166064,
            "PAY_2": 1097.4857374821777,
            "PAY_3": 1074.2747127737582,
            "PAY_4": 1033.2142398639216,
            "PAY_5": 1024.745896204653,
            "PAY_6": 1061.1647038866008,
            "PAY_AMT1": 1419.8462091686752,
            "PAY_AMT2": 1390.439088333701,
            "PAY_AMT3": 1003.3597603574702,
            "PAY_AMT4": 1211.805390825363,
            "PAY_AMT5": 1276.9862770720788,
            "PAY_AMT6": 1174.2182062654188,
            "SEX": 1128.1093570850185,
            "default.payment.next.month": 1127.907772573896
        },
        "ran_for_col": "BILL_AMT4"
    },
    {
        "highest_score": 0.973875012057151,
        "highest_score_column": "PAY_AMT4",
        "predictive_power_baselines": {
            "AGE": 37290.854,
            "BILL_AMT1": 37290.854,
            "BILL_AMT2": 37290.854,
            "BILL_AMT3": 37290.854,
            "BILL_AMT4": 37290.854,
            "BILL_AMT6": 37290.854,
            "EDUCATION": 37290.854,
            "ID": 0,
            "LIMIT_BAL": 37290.854,
            "MARRIAGE": 37290.854,
            "PAY_0": 37290.854,
            "PAY_2": 37290.854,
            "PAY_3": 37290.854,
            "PAY_4": 37290.854,
            "PAY_5": 37290.854,
            "PAY_6": 37290.854,
            "PAY_AMT1": 37290.854,
            "PAY_AMT2": 37290.854,
            "PAY_AMT3": 37290.854,
            "PAY_AMT4": 37290.854,
            "PAY_AMT5": 37290.854,
            "PAY_AMT6": 37290.854,
            "SEX": 37290.854,
            "default.payment.next.month": 37290.854
        },
        "predictive_power_score": 0.0,
        "predictive_power_scores": {
            "AGE": 0.9701240083344028,
            "BILL_AMT1": 0.954444475187183,
            "BILL_AMT2": 0.9545508661251817,
            "BILL_AMT3": 0.9543933060541012,
            "BILL_AMT4": 0.9548443136856448,
            "BILL_AMT6": 0.9551917252197833,
            "EDUCATION": 0.9700879729721862,
            "ID": 0,
            "LIMIT_BAL": 0.9713509262694751,
            "MARRIAGE": 0.9701011510821725,
            "PAY_0": 0.9704424303357826,
            "PAY_2": 0.9706674652034456,
            "PAY_3": 0.9712241443529661,
            "PAY_4": 0.9717022675992739,
            "PAY_5": 0.9726289108086544,
            "PAY_6": 0.9731509190291628,
            "PAY_AMT1": 0.9626675082117545,
            "PAY_AMT2": 0.9629718492314276,
            "PAY_AMT3": 0.9640562457869657,
            "PAY_AMT4": 0.973875012057151,
            "PAY_AMT5": 0.9653447537954698,
            "PAY_AMT6": 0.9661039859726551,
            "SEX": 0.9700885174135304,
            "default.payment.next.month": 0.9701059176923335
        },
        "predictive_power_unadjusted_scores": {
            "AGE": 1114.1012433070018,
            "BILL_AMT1": 1698.804424688136,
            "BILL_AMT2": 1694.8370157523034,
            "BILL_AMT3": 1700.7125653591934,
            "BILL_AMT4": 1683.8941056184187,
            "BILL_AMT6": 1670.9388328209407,
            "EDUCATION": 1115.4450327382572,
            "ID": 0,
            "LIMIT_BAL": 1068.3484257202404,
            "MARRIAGE": 1114.9536097627604,
            "PAY_0": 1102.2270149431613,
            "PAY_2": 1093.8352725482298,
            "PAY_3": 1073.076231658618,
            "PAY_4": 1055.2466074865479,
            "PAY_5": 1020.6912908554459,
            "PAY_6": 1001.2251585176652,
            "PAY_AMT1": 1392.1605007316602,
            "PAY_AMT2": 1380.8113642008202,
            "PAY_AMT3": 1340.3732905701468,
            "PAY_AMT4": 974.2231111285408,
            "PAY_AMT5": 1292.3237265471898,
            "PAY_AMT6": 1264.0113102756695,
            "SEX": 1115.4247300555787,
            "default.payment.next.month": 1114.7758587991752
        },
        "ran_for_col": "BILL_AMT5"
    },
    {
        "highest_score": 0.9746668393930447,
        "highest_score_column": "PAY_AMT5",
        "predictive_power_baselines": {
            "AGE": 36683.7384,
            "BILL_AMT1": 36683.7384,
            "BILL_AMT2": 36683.7384,
            "BILL_AMT3": 36683.7384,
            "BILL_AMT4": 36683.7384,
            "BILL_AMT5": 36683.7384,
            "EDUCATION": 36683.7384,
            "ID": 0,
            "LIMIT_BAL": 36683.7384,
            "MARRIAGE": 36683.7384,
            "PAY_0": 36683.7384,
            "PAY_2": 36683.7384,
            "PAY_3": 36683.7384,
            "PAY_4": 36683.7384,
            "PAY_5": 36683.7384,
            "PAY_6": 36683.7384,
            "PAY_AMT1": 36683.7384,
            "PAY_AMT2": 36683.7384,
            "PAY_AMT3": 36683.7384,
            "PAY_AMT4": 36683.7384,
            "PAY_AMT5": 36683.7384,
            "PAY_AMT6": 36683.7384,
            "SEX": 36683.7384,
            "default.payment.next.month": 36683.7384
        },
        "predictive_power_score": 0.0,
        "predictive_power_scores": {
            "AGE": 0.9699707002726121,
            "BILL_AMT1": 0.9554067663011684,
            "BILL_AMT2": 0.9552076236164347,
            "BILL_AMT3": 0.9553987750150711,
            "BILL_AMT4": 0.9557196366423075,
            "BILL_AMT5": 0.9557474308705202,
            "EDUCATION": 0.9700059765389288,
            "ID": 0,
            "LIMIT_BAL": 0.9712653720810807,
            "MARRIAGE": 0.9700071144018308,
            "PAY_0": 0.9704601864545324,
            "PAY_2": 0.9706910599182879,
            "PAY_3": 0.9710949746542995,
            "PAY_4": 0.9714396470389403,
            "PAY_5": 0.9718874669866105,
            "PAY_6": 0.9731728688213013,
            "PAY_AMT1": 0.9634576882170126,
            "PAY_AMT2": 0.9630601143187526,
            "PAY_AMT3": 0.9643436264808767,
            "PAY_AMT4": 0.9656868150581542,
            "PAY_AMT5": 0.9746668393930447,
            "PAY_AMT6": 0.9654658442584324,
            "SEX": 0.9700320894292473,
            "default.payment.next.month": 0.970020313400434
        },
        "predictive_power_unadjusted_scores": {
            "AGE": 1101.5869755346866,
            "BILL_AMT1": 1635.846519418003,
            "BILL_AMT2": 1643.1518175690458,
            "BILL_AMT3": 1636.1396696666775,
            "BILL_AMT4": 1624.3692656705357,
            "BILL_AMT5": 1623.349669473754,
            "EDUCATION": 1100.292910209399,
            "ID": 0,
            "LIMIT_BAL": 1054.0935735989754,
            "MARRIAGE": 1100.2511691443633,
            "PAY_0": 1083.6307924867126,
            "PAY_2": 1075.161490738802,
            "PAY_3": 1060.3443882270465,
            "PAY_4": 1047.7005166351805,
            "PAY_5": 1031.272806824542,
            "PAY_6": 984.1194621818679,
            "PAY_AMT1": 1340.5086059783453,
            "PAY_AMT2": 1355.0931028567854,
            "PAY_AMT3": 1308.0090784682052,
            "PAY_AMT4": 1258.7359000774904,
            "PAY_AMT5": 929.3150365507333,
            "PAY_AMT6": 1266.8419350885247,
            "SEX": 1099.3349917720868,
            "default.payment.next.month": 1099.766980532463
        },
        "ran_for_col": "BILL_AMT6"
    },
    {
        "highest_score": 0.8960046685699781,
        "highest_score_column": "PAY_2",
        "predictive_power_baselines": {
            "AGE": 5391.0006,
            "BILL_AMT1": 5391.0006,
            "BILL_AMT2": 5391.0006,
            "BILL_AMT3": 5391.0006,
            "BILL_AMT4": 5391.0006,
            "BILL_AMT5": 5391.0006,
            "BILL_AMT6": 5391.0006,
            "EDUCATION": 5391.0006,
            "ID": 0,
            "LIMIT_BAL": 5391.0006,
            "MARRIAGE": 5391.0006,
            "PAY_0": 5391.0006,
            "PAY_2": 5391.0006,
            "PAY_3": 5391.0006,
            "PAY_4": 5391.0006,
            "PAY_5": 5391.0006,
            "PAY_6": 5391.0006,
            "PAY_AMT2": 5391.0006,
            "PAY_AMT3": 5391.0006,
            "PAY_AMT4": 5391.0006,
            "PAY_AMT5": 5391.0006,
            "PAY_AMT6": 5391.0006,
            "SEX": 5391.0006,
            "default.payment.next.month": 5391.0006
        },
        "predictive_power_score": 1.0,
        "predictive_power_scores": {
            "AGE": 0.8891528354683861,
            "BILL_AMT1": 0.8405141749254446,
            "BILL_AMT2": 0.8457949740907247,
            "BILL_AMT3": 0.8390301257465174,
            "BILL_AMT4": 0.8398542293185133,
            "BILL_AMT5": 0.8394594237304795,
            "BILL_AMT6": 0.8406891612380842,
            "EDUCATION": 0.8889992811540166,
            "ID": 0,
            "LIMIT_BAL": 0.8929803360184566,
            "MARRIAGE": 0.889106399761953,
            "PAY_0": 0.8951994236051761,
            "PAY_2": 0.8960046685699781,
            "PAY_3": 0.8926603764353869,
            "PAY_4": 0.8923128419633434,
            "PAY_5": 0.891980017031628,
            "PAY_6": 0.8917207812619058,
            "PAY_AMT2": 0.868187942846112,
            "PAY_AMT3": 0.8697209603552205,
            "PAY_AMT4": 0.8708398595936007,
            "PAY_AMT5": 0.8712013922266293,
            "PAY_AMT6": 0.8689064817847039,
            "SEX": 0.8891666793097668,
            "default.payment.next.month": 0.8899353473422229
        },
        "predictive_power_unadjusted_scores": {
            "AGE": 597.5771304982295,
            "BILL_AMT1": 859.7881786684235,
            "BILL_AMT2": 831.3193871999187,
            "BILL_AMT3": 867.7886886824494,
            "BILL_AMT4": 863.3459458313572,
            "BILL_AMT5": 865.4743429933307,
            "BILL_AMT6": 858.844827351991,
            "EDUCATION": 598.404941899128,
            "ID": 0,
            "LIMIT_BAL": 576.9430727362987,
            "MARRIAGE": 597.8274654194711,
            "PAY_0": 564.9799702248416,
            "PAY_2": 560.6388941364473,
            "PAY_3": 578.6679750406036,
            "PAY_4": 580.5415335879109,
            "PAY_5": 582.3357929944835,
            "PAY_6": 583.7333331845973,
            "PAY_AMT2": 710.5988792038447,
            "PAY_AMT3": 702.3343808924297,
            "PAY_AMT4": 696.3023944269828,
            "PAY_AMT5": 694.3533717854062,
            "PAY_AMT6": 706.7252353547723,
            "SEX": 597.5024983410395,
            "default.payment.next.month": 593.3586085168678
        },
        "ran_for_col": "PAY_AMT1"
    },
    {
        "highest_score": 0.9016999825909892,
        "highest_score_column": "PAY_3",
        "predictive_power_baselines": {
            "AGE": 5558.2258,
            "BILL_AMT1": 5558.2258,
            "BILL_AMT2": 5558.2258,
            "BILL_AMT3": 5558.2258,
            "BILL_AMT4": 5558.2258,
            "BILL_AMT5": 5558.2258,
            "BILL_AMT6": 5558.2258,
            "EDUCATION": 5558.2258,
            "ID": 0,
            "LIMIT_BAL": 5558.2258,
            "MARRIAGE": 5558.2258,
            "PAY_0": 5558.2258,
            "PAY_2": 5558.2258,
            "PAY_3": 5558.2258,
            "PAY_4": 5558.2258,
            "PAY_5": 5558.2258,
            "PAY_6": 5558.2258,
            "PAY_AMT1": 5558.2258,
            "PAY_AMT3": 5558.2258,
            "PAY_AMT4": 5558.2258,
            "PAY_AMT5": 5558.2258,
            "PAY_AMT6": 5558.2258,
            "SEX": 5558.2258,
            "default.payment.next.month": 5558.2258
        },
        "predictive_power_score": 1.0,
        "predictive_power_scores": {
            "AGE": 0.8917457548861207,
            "BILL_AMT1": 0.8488613582340847,
            "BILL_AMT2": 0.8494107660725935,
            "BILL_AMT3": 0.8548023981598206,
            "BILL_AMT4": 0.8492243200896642,
            "BILL_AMT5": 0.847536532234947,
            "BILL_AMT6": 0.8480866625034328,
            "EDUCATION": 0.8919569315670043,
            "ID": 0,
            "LIMIT_BAL": 0.895954277803762,
            "MARRIAGE": 0.8919585664031514,
            "PAY_0": 0.894337382742323,
            "PAY_2": 0.8947951798467235,
            "PAY_3": 0.9016999825909892,
            "PAY_4": 0.8978542628024304,
            "PAY_5": 0.8960355301071096,
            "PAY_6": 0.896076450132882,
            "PAY_AMT1": 0.8729086154651828,
            "PAY_AMT3": 0.875080738046705,
            "PAY_AMT4": 0.8753114287967061,
            "PAY_AMT5": 0.8727831058431222,
            "PAY_AMT6": 0.8745918167739479,
            "SEX": 0.8921671190404477,
            "default.payment.next.month": 0.8928262477621182
        },
        "predictive_power_unadjusted_scores": {
            "AGE": 601.7015381514877,
            "BILL_AMT1": 840.0626980402676,
            "BILL_AMT2": 837.0089652175463,
            "BILL_AMT3": 807.0410566462124,
            "BILL_AMT4": 838.0452740901701,
            "BILL_AMT5": 847.4263800891862,
            "BILL_AMT6": 844.3686318375275,
            "EDUCATION": 600.5277704754421,
            "ID": 0,
            "LIMIT_BAL": 578.3096174907628,
            "MARRIAGE": 600.5186836869905,
            "PAY_0": 587.2966853371457,
            "PAY_2": 584.752145660301,
            "PAY_3": 546.373692903213,
            "PAY_4": 567.7490718515508,
            "PAY_5": 577.8579988419871,
            "PAY_6": 577.6305560990023,
            "PAY_AMT1": 706.4026124791419,
            "PAY_AMT3": 694.3294647057621,
            "PAY_AMT4": 693.0472334272855,
            "PAY_AMT5": 707.100223298627,
            "PAY_AMT6": 697.0469995381698,
            "SEX": 599.3595010377123,
            "default.payment.next.month": 595.6959147714026
        },
        "ran_for_col": "PAY_AMT2"
    },
    {
        "highest_score": 0.8911470327196348,
        "highest_score_column": "PAY_4",
        "predictive_power_baselines": {
            "AGE": 4851.3558,
            "BILL_AMT1": 4851.3558,
            "BILL_AMT2": 4851.3558,
            "BILL_AMT3": 4851.3558,
            "BILL_AMT4": 4851.3558,
            "BILL_AMT5": 4851.3558,
            "BILL_AMT6": 4851.3558,
            "EDUCATION": 4851.3558,
            "ID": 0,
            "LIMIT_BAL": 4851.3558,
            "MARRIAGE": 4851.3558,
            "PAY_0": 4851.3558,
            "PAY_2": 4851.3558,
            "PAY_3": 4851.3558,
            "PAY_4": 4851.3558,
            "PAY_5": 4851.3558,
            "PAY_6": 4851.3558,
            "PAY_AMT1": 4851.3558,
            "PAY_AMT2": 4851.3558,
            "PAY_AMT4": 4851.3558,
            "PAY_AMT5": 4851.3558,
            "PAY_AMT6": 4851.3558,
            "SEX": 4851.3558,
            "default.payment.next.month": 4851.3558
        },
        "predictive_power_score": 1.0,
        "predictive_power_scores": {
            "AGE": 0.8806531590402333,
            "BILL_AMT1": 0.8425469463791243,
            "BILL_AMT2": 0.8423164819074178,
            "BILL_AMT3": 0.8435370147769363,
            "BILL_AMT4": 0.8490196809136463,
            "BILL_AMT5": 0.8417804142752532,
            "BILL_AMT6": 0.8417140706344488,
            "EDUCATION": 0.880497015102419,
            "ID": 0,
            "LIMIT_BAL": 0.8840816402074884,
            "MARRIAGE": 0.8808342382659277,
            "PAY_0": 0.8831605523468813,
            "PAY_2": 0.8834902754493792,
            "PAY_3": 0.8850376737506983,
            "PAY_4": 0.8911470327196348,
            "PAY_5": 0.8881256541948919,
            "PAY_6": 0.8863673870716954,
            "PAY_AMT1": 0.8626509164260602,
            "PAY_AMT2": 0.8622152016942941,
            "PAY_AMT4": 0.8686998730488573,
            "PAY_AMT5": 0.8705274896799496,
            "PAY_AMT6": 0.8660085440112193,
            "SEX": 0.8808803317087696,
            "default.payment.next.month": 0.8814975560662425
        },
        "predictive_power_unadjusted_scores": {
            "AGE": 578.9939891018415,
            "BILL_AMT1": 763.8607849113463,
            "BILL_AMT2": 764.9788500628538,
            "BILL_AMT3": 759.0576108472243,
            "BILL_AMT4": 732.4592466854328,
            "BILL_AMT5": 767.5795048793477,
            "BILL_AMT6": 767.9013614859568,
            "EDUCATION": 579.751498900192,
            "ID": 0,
            "LIMIT_BAL": 562.3612071058881,
            "MARRIAGE": 578.1155093500099,
            "PAY_0": 566.8297320407542,
            "PAY_2": 565.2301279550567,
            "PAY_3": 557.7231482310418,
            "PAY_4": 528.0844741628099,
            "PAY_5": 542.7422563928169,
            "PAY_6": 551.2722357988856,
            "PAY_AMT1": 666.3292732211175,
            "PAY_AMT2": 668.4430804122164,
            "PAY_AMT4": 636.9836324251621,
            "PAY_AMT5": 628.1172138817361,
            "PAY_AMT6": 650.0402271616164,
            "SEX": 577.891893658737,
            "default.payment.next.month": 574.8975186922094
        },
        "ran_for_col": "PAY_AMT3"
    },
    {
        "highest_score": 0.8882901672986768,
        "highest_score_column": "PAY_5",
        "predictive_power_baselines": {
            "AGE": 4451.6942,
            "BILL_AMT1": 4451.6942,
            "BILL_AMT2": 4451.6942,
            "BILL_AMT3": 4451.6942,
            "BILL_AMT4": 4451.6942,
            "BILL_AMT5": 4451.6942,
            "BILL_AMT6": 4451.6942,
            "EDUCATION": 4451.6942,
            "ID": 0,
            "LIMIT_BAL": 4451.6942,
            "MARRIAGE": 4451.6942,
            "PAY_0": 4451.6942,
            "PAY_2": 4451.6942,
            "PAY_3": 4451.6942,
            "PAY_4": 4451.6942,
            "PAY_5": 4451.6942,
            "PAY_6": 4451.6942,
            "PAY_AMT1": 4451.6942,
            "PAY_AMT2": 4451.6942,
            "PAY_AMT3": 4451.6942,
            "PAY_AMT5": 4451.6942,
            "PAY_AMT6": 4451.6942,
            "SEX": 4451.6942,
            "default.payment.next.month": 4451.6942
        },
        "predictive_power_score": 1.0,
        "predictive_power_scores": {
            "AGE": 0.8771363328206001,
            "BILL_AMT1": 0.8443724071722567,
            "BILL_AMT2": 0.8449278410681206,
            "BILL_AMT3": 0.8443961993596664,
            "BILL_AMT4": 0.8442156201879905,
            "BILL_AMT5": 0.8507515506417521,
            "BILL_AMT6": 0.8439577668304892,
            "EDUCATION": 0.8772142954092427,
            "ID": 0,
            "LIMIT_BAL": 0.8792364125478895,
            "MARRIAGE": 0.8773235390621201,
            "PAY_0": 0.8798483255633398,
            "PAY_2": 0.8800744926278551,
            "PAY_3": 0.8812698083418383,
            "PAY_4": 0.8829427758767324,
            "PAY_5": 0.8882901672986768,
            "PAY_6": 0.8855267082243152,
            "PAY_AMT1": 0.8613148595655796,
            "PAY_AMT2": 0.8606068392096973,
            "PAY_AMT3": 0.8636076818921898,
            "PAY_AMT5": 0.8679591515892471,
            "PAY_AMT6": 0.8659700960705853,
            "SEX": 0.8772810796711502,
            "default.payment.next.month": 0.8780974979940452
        },
        "predictive_power_unadjusted_scores": {
            "AGE": 546.9514745732647,
            "BILL_AMT1": 692.8064523512262,
            "BILL_AMT2": 690.3338304985257,
            "BILL_AMT3": 692.7005368085296,
            "BILL_AMT4": 693.50442005972,
            "BILL_AMT5": 664.4084563671059,
            "BILL_AMT6": 694.6523043557589,
            "EDUCATION": 546.6044089695879,
            "ID": 0,
            "LIMIT_BAL": 537.6025618317531,
            "MARRIAGE": 546.1180896336866,
            "PAY_0": 534.8785122099687,
            "PAY_2": 533.8716856006349,
            "PAY_3": 528.5505055695266,
            "PAY_4": 521.1029656976505,
            "PAY_5": 497.2980143194508,
            "PAY_6": 509.6000890527233,
            "PAY_AMT1": 617.3838352980946,
            "PAY_AMT2": 620.535725409858,
            "PAY_AMT3": 607.1768914450937,
            "PAY_AMT5": 587.805479033228,
            "PAY_AMT6": 596.6601459491327,
            "SEX": 546.3071058582026,
            "default.payment.next.month": 542.6726611453971
        },
        "ran_for_col": "PAY_AMT4"
    },
    {
        "highest_score": 0.8940306875171865,
        "highest_score_column": "PAY_6",
        "predictive_power_baselines": {
            "AGE": 4567.083,
            "BILL_AMT1": 4567.083,
            "BILL_AMT2": 4567.083,
            "BILL_AMT3": 4567.083,
            "BILL_AMT4": 4567.083,
            "BILL_AMT5": 4567.083,
            "BILL_AMT6": 4567.083,
            "EDUCATION": 4567.083,
            "ID": 0,
            "LIMIT_BAL": 4567.083,
            "MARRIAGE": 4567.083,
            "PAY_0": 4567.083,
            "PAY_2": 4567.083,
            "PAY_3": 4567.083,
            "PAY_4": 4567.083,
            "PAY_5": 4567.083,
            "PAY_6": 4567.083,
            "PAY_AMT1": 4567.083,
            "PAY_AMT2": 4567.083,
            "PAY_AMT3": 4567.083,
            "PAY_AMT4": 4567.083,
            "PAY_AMT6": 4567.083,
            "SEX": 4567.083,
            "default.payment.next.month": 4567.083
        },
        "predictive_power_score": 1.0,
        "predictive_power_scores": {
            "AGE": 0.8814254240857771,
            "BILL_AMT1": 0.8482591855736826,
            "BILL_AMT2": 0.8482228083155389,
            "BILL_AMT3": 0.8480250944280416,
            "BILL_AMT4": 0.8482240657290736,
            "BILL_AMT5": 0.8494462898668447,
            "BILL_AMT6": 0.8558806692860963,
            "EDUCATION": 0.8816115168231923,
            "ID": 0,
            "LIMIT_BAL": 0.8838510065862909,
            "MARRIAGE": 0.8816038413122133,
            "PAY_0": 0.8836797386295623,
            "PAY_2": 0.8840734570796787,
            "PAY_3": 0.885044258981154,
            "PAY_4": 0.8866126700726408,
            "PAY_5": 0.8872405576452845,
            "PAY_6": 0.8940306875171865,
            "PAY_AMT1": 0.8646607459862513,
            "PAY_AMT2": 0.86408771432073,
            "PAY_AMT3": 0.8658225584303885,
            "PAY_AMT4": 0.8695357297582397,
            "PAY_AMT6": 0.8707996713304553,
            "SEX": 0.8816291362814198,
            "default.payment.next.month": 0.88213748554159
        },
        "predictive_power_unadjusted_scores": {
            "AGE": 541.5399298900571,
            "BILL_AMT1": 693.0128939725889,
            "BILL_AMT2": 693.1790319298436,
            "BILL_AMT3": 694.0820076642964,
            "BILL_AMT4": 693.1732892178651,
            "BILL_AMT5": 687.5912901360612,
            "BILL_AMT6": 658.2049452748472,
            "EDUCATION": 540.6900289125847,
            "ID": 0,
            "LIMIT_BAL": 530.4620932868626,
            "MARRIAGE": 540.7250836082931,
            "PAY_0": 531.2442882604828,
            "PAY_2": 529.4461434201701,
            "PAY_3": 525.0124105595744,
            "PAY_4": 517.8493469266334,
            "PAY_5": 514.9817322677011,
            "PAY_6": 483.9706455619451,
            "PAY_AMT1": 618.1056062388734,
            "PAY_AMT2": 620.7226894169374,
            "PAY_AMT3": 612.799512376066,
            "PAY_AMT4": 595.8411507285495,
            "PAY_AMT6": 590.0686246610903,
            "SEX": 540.6095593844443,
            "default.payment.next.month": 538.2878861202583
        },
        "ran_for_col": "PAY_AMT5"
    },
    {
        "highest_score": 0.8978663408159693,
        "highest_score_column": "PAY_6",
        "predictive_power_baselines": {
            "AGE": 4857.2652,
            "BILL_AMT1": 4857.2652,
            "BILL_AMT2": 4857.2652,
            "BILL_AMT3": 4857.2652,
            "BILL_AMT4": 4857.2652,
            "BILL_AMT5": 4857.2652,
            "BILL_AMT6": 4857.2652,
            "EDUCATION": 4857.2652,
            "ID": 0,
            "LIMIT_BAL": 4857.2652,
            "MARRIAGE": 4857.2652,
            "PAY_0": 4857.2652,
            "PAY_2": 4857.2652,
            "PAY_3": 4857.2652,
            "PAY_4": 4857.2652,
            "PAY_5": 4857.2652,
            "PAY_6": 4857.2652,
            "PAY_AMT1": 4857.2652,
            "PAY_AMT2": 4857.2652,
            "PAY_AMT3": 4857.2652,
            "PAY_AMT4": 4857.2652,
            "PAY_AMT5": 4857.2652,
            "SEX": 4857.2652,
            "default.payment.next.month": 4857.2652
        },
        "predictive_power_score": 1.0,
        "predictive_power_scores": {
            "AGE": 0.8914002858084128,
            "BILL_AMT1": 0.8631960240727093,
            "BILL_AMT2": 0.8622195435517155,
            "BILL_AMT3": 0.8623615545320061,
            "BILL_AMT4": 0.8630938464066797,
            "BILL_AMT5": 0.8630627711993233,
            "BILL_AMT6": 0.8630720232796879,
            "EDUCATION": 0.8909128472235041,
            "ID": 0,
            "LIMIT_BAL": 0.8933208734501551,
            "MARRIAGE": 0.8910105590048663,
            "PAY_0": 0.8929182361631479,
            "PAY_2": 0.8931020946294795,
            "PAY_3": 0.8943339093478718,
            "PAY_4": 0.8949367303646449,
            "PAY_5": 0.8959666427364088,
            "PAY_6": 0.8978663408159693,
            "PAY_AMT1": 0.8763841104753791,
            "PAY_AMT2": 0.8769389024632839,
            "PAY_AMT3": 0.8795407922248796,
            "PAY_AMT4": 0.882465215024456,
            "PAY_AMT5": 0.8819934446067049,
            "SEX": 0.8910009699971292,
            "default.payment.next.month": 0.8915260391534812
        },
        "predictive_power_unadjusted_scores": {
            "AGE": 527.4976124727425,
            "BILL_AMT1": 664.4931914932665,
            "BILL_AMT2": 669.2362163463681,
            "BILL_AMT3": 668.5464313537843,
            "BILL_AMT4": 664.9894955146897,
            "BILL_AMT5": 665.1404360379648,
            "BILL_AMT6": 665.095496229982,
            "EDUCATION": 529.865230948357,
            "ID": 0,
            "LIMIT_BAL": 518.1688089569577,
            "MARRIAGE": 529.3906189131164,
            "PAY_0": 520.1245250393603,
            "PAY_2": 519.2314757091223,
            "PAY_3": 513.2482249446274,
            "PAY_4": 510.32016339802675,
            "PAY_5": 505.3176058756086,
            "PAY_6": 496.09026850325273,
            "PAY_AMT1": 600.4351583549858,
            "PAY_AMT2": 597.7403865388969,
            "PAY_AMT3": 585.1023179456619,
            "PAY_AMT4": 570.8976208511929,
            "PAY_AMT5": 573.1891348837244,
            "SEX": 529.4371952667001,
            "default.payment.next.month": 526.8867951259582
        },
        "ran_for_col": "PAY_AMT6"
    },
    {
        "highest_score": 0.38369862367426366,
        "highest_score_column": "PAY_0",
        "predictive_power_baselines": {
            "AGE": 0.6956679785330948,
            "BILL_AMT1": 0.6956679785330948,
            "BILL_AMT2": 0.6956679785330948,
            "BILL_AMT3": 0.6956679785330948,
            "BILL_AMT4": 0.6956679785330948,
            "BILL_AMT5": 0.6956679785330948,
            "BILL_AMT6": 0.6956679785330948,
            "EDUCATION": 0.6956679785330948,
            "ID": 0,
            "LIMIT_BAL": 0.6956679785330948,
            "MARRIAGE": 0.6956679785330948,
            "PAY_0": 0.6956679785330948,
            "PAY_2": 0.6956679785330948,
            "PAY_3": 0.6956679785330948,
            "PAY_4": 0.6956679785330948,
            "PAY_5": 0.6956679785330948,
            "PAY_6": 0.6956679785330948,
            "PAY_AMT1": 0.6956679785330948,
            "PAY_AMT2": 0.6956679785330948,
            "PAY_AMT3": 0.6956679785330948,
            "PAY_AMT4": 0.6956679785330948,
            "PAY_AMT5": 0.6956679785330948,
            "PAY_AMT6": 0.6956679785330948,
            "SEX": 0.6956679785330948
        },
        "predictive_power_score": 6.0,
        "predictive_power_scores": {
            "AGE": 0,
            "BILL_AMT1": 0.01686273984209717,
            "BILL_AMT2": 0.01732421641466613,
            "BILL_AMT3": 0.032747287933340315,
            "BILL_AMT4": 0.02500388537286437,
            "BILL_AMT5": 0.033086874507509204,
            "BILL_AMT6": 0.02935119557915713,
            "EDUCATION": 0.0,
            "ID": 0,
            "LIMIT_BAL": 0,
            "MARRIAGE": 0.0,
            "PAY_0": 0.38369862367426366,
            "PAY_2": 0.3175336762081819,
            "PAY_3": 0.27709694641883725,
            "PAY_4": 0.25481946470825123,
            "PAY_5": 0.24587164035872602,
            "PAY_6": 0.05434458832298335,
            "PAY_AMT1": 0.0158936302783351,
            "PAY_AMT2": 0,
            "PAY_AMT3": 0.014579048816544484,
            "PAY_AMT4": 0,
            "PAY_AMT5": 0.0058423147764555365,
            "PAY_AMT6": 0.010541201158112955,
            "SEX": 0.0
        },
        "predictive_power_unadjusted_scores": {
            "AGE": 0.6952161600303804,
            "BILL_AMT1": 0.7007998502367108,
            "BILL_AMT2": 0.7009402923349003,
            "BILL_AMT3": 0.7056340268674071,
            "BILL_AMT4": 0.7032774615131454,
            "BILL_AMT5": 0.7057373739359869,
            "BILL_AMT6": 0.7046004872161702,
            "EDUCATION": 0.6956679785330948,
            "ID": 0,
            "LIMIT_BAL": 0.6955693284188368,
            "MARRIAGE": 0.6956679785330948,
            "PAY_0": 0.8124397563099528,
            "PAY_2": 0.7923036440973485,
            "PAY_3": 0.7799974523790463,
            "PAY_4": 0.7732177013368716,
            "PAY_5": 0.7704945918648498,
            "PAY_6": 0.7122067769532151,
            "PAY_AMT1": 0.7005049191641481,
            "PAY_AMT2": 0.6954723551542368,
            "PAY_AMT3": 0.7001048499304985,
            "PAY_AMT4": 0.6931398450173095,
            "PAY_AMT5": 0.6974459819990595,
            "PAY_AMT6": 0.6988760035902326,
            "SEX": 0.6956679785330948
        },
        "ran_for_col": "default.payment.next.month"
    }
]
Ran in 362.526 seconds
